<?xml version="1.0" encoding="UTF-8"?>
<!-- Generated by org.testng.reporters.JUnitXMLReporter -->
<testsuite ignored="0" hostname="LAPTOP-8KEUHDTP" failures="3" tests="7" name="Test" time="81.33" errors="0" timestamp="2020-08-04T09:19:29 IST">
  <testcase classname="MyFirstProject.AutomatingUdemy.UdemyTest" name="correctSearchWeb" time="9.17"/>
  <testcase classname="MyFirstProject.AutomatingUdemy.UdemyTest" name="filterCheckForLevel" time="0.704"/>
  <testcase classname="MyFirstProject.AutomatingUdemy.UdemyTest" name="filterCheckForLanguage" time="1.826">
    <failure type="org.openqa.selenium.ElementClickInterceptedException" message="element click intercepted: Element &amp;lt;label class=&amp;quot;js-panel-toggler  panel--label--qoWJs&amp;quot; aria-expanded=&amp;quot;false&amp;quot; for=&amp;quot;u218-accordion-panel--273&amp;quot; tabindex=&amp;quot;0&amp;quot;&amp;gt;...&amp;lt;/label&amp;gt; is not clickable at point (425, 898). Other element would receive the click: &amp;lt;div class=&amp;quot;filter-panel--filtered-course-list--SD4_5&amp;quot;&amp;gt;...&amp;lt;/div&amp;gt;
  (Session info: chrome=84.0.4147.105)
Build info: version: &amp;apos;3.141.59&amp;apos;, revision: &amp;apos;e82be7d358&amp;apos;, time: &amp;apos;2018-11-14T08:17:03&amp;apos;
System info: host: &amp;apos;LAPTOP-8KEUHDTP&amp;apos;, ip: &amp;apos;192.168.43.161&amp;apos;, os.name: &amp;apos;Windows 10&amp;apos;, os.arch: &amp;apos;amd64&amp;apos;, os.version: &amp;apos;10.0&amp;apos;, java.version: &amp;apos;12.0.2&amp;apos;
Driver info: org.openqa.selenium.remote.RemoteWebDriver
Capabilities {acceptInsecureCerts: false, browserName: chrome, browserVersion: 84.0.4147.105, chrome: {chromedriverVersion: 84.0.4147.30 (48b3e868b4cc0..., userDataDir: C:\Users\Puspak\AppData\Loc...}, goog:chromeOptions: {debuggerAddress: localhost:52610}, javascriptEnabled: true, networkConnectionEnabled: false, pageLoadStrategy: normal, platform: WINDOWS, platformName: WINDOWS, proxy: Proxy(), setWindowRect: true, strictFileInteractability: false, timeouts: {implicit: 0, pageLoad: 300000, script: 30000}, unhandledPromptBehavior: dismiss and notify, webauthn:virtualAuthenticators: true, webdriver.remote.sessionid: 419393fd42bff8b8b96761784d7...}
Session ID: 419393fd42bff8b8b96761784d7b73cb">
      <![CDATA[org.openqa.selenium.ElementClickInterceptedException: element click intercepted: Element <label class="js-panel-toggler  panel--label--qoWJs" aria-expanded="false" for="u218-accordion-panel--273" tabindex="0">...</label> is not clickable at point (425, 898). Other element would receive the click: <div class="filter-panel--filtered-course-list--SD4_5">...</div>
  (Session info: chrome=84.0.4147.105)
Build info: version: '3.141.59', revision: 'e82be7d358', time: '2018-11-14T08:17:03'
System info: host: 'LAPTOP-8KEUHDTP', ip: '192.168.43.161', os.name: 'Windows 10', os.arch: 'amd64', os.version: '10.0', java.version: '12.0.2'
Driver info: org.openqa.selenium.remote.RemoteWebDriver
Capabilities {acceptInsecureCerts: false, browserName: chrome, browserVersion: 84.0.4147.105, chrome: {chromedriverVersion: 84.0.4147.30 (48b3e868b4cc0..., userDataDir: C:\Users\Puspak\AppData\Loc...}, goog:chromeOptions: {debuggerAddress: localhost:52610}, javascriptEnabled: true, networkConnectionEnabled: false, pageLoadStrategy: normal, platform: WINDOWS, platformName: WINDOWS, proxy: Proxy(), setWindowRect: true, strictFileInteractability: false, timeouts: {implicit: 0, pageLoad: 300000, script: 30000}, unhandledPromptBehavior: dismiss and notify, webauthn:virtualAuthenticators: true, webdriver.remote.sessionid: 419393fd42bff8b8b96761784d7...}
Session ID: 419393fd42bff8b8b96761784d7b73cb
at org.openqa.selenium.remote.http.W3CHttpResponseCodec.createException(W3CHttpResponseCodec.java:187)
at org.openqa.selenium.remote.http.W3CHttpResponseCodec.decode(W3CHttpResponseCodec.java:122)
at org.openqa.selenium.remote.http.W3CHttpResponseCodec.decode(W3CHttpResponseCodec.java:49)
at org.openqa.selenium.remote.HttpCommandExecutor.execute(HttpCommandExecutor.java:158)
at org.openqa.selenium.remote.RemoteWebDriver.execute(RemoteWebDriver.java:552)
at org.openqa.selenium.remote.RemoteWebElement.execute(RemoteWebElement.java:285)
at org.openqa.selenium.remote.RemoteWebElement.click(RemoteWebElement.java:84)
at pageObjects.UdemyPagesFunctionality.selectFiltersForLangage(UdemyPagesFunctionality.java:84)
at MyFirstProject.AutomatingUdemy.UdemyTest.filterCheckForLanguage(UdemyTest.java:82)
at java.base/java.util.ArrayList.forEach(ArrayList.java:1540)
... Removed 32 stack frames]]>
    </failure>
  </testcase> <!-- filterCheckForLanguage -->
  <testcase classname="MyFirstProject.AutomatingUdemy.UdemyTest" name="printConsole" time="1.995">
    <failure type="java.lang.AssertionError" message="expected [true] but found [false]">
      <![CDATA[java.lang.AssertionError: expected [true] but found [false]
at MyFirstProject.AutomatingUdemy.UdemyTest.printConsole(UdemyTest.java:99)
at java.base/java.util.ArrayList.forEach(ArrayList.java:1540)
... Removed 31 stack frames]]>
    </failure>
  </testcase> <!-- printConsole -->
  <testcase classname="MyFirstProject.AutomatingUdemy.UdemyTest" name="wrongSearchWeb" time="1.973"/>
  <testcase classname="MyFirstProject.AutomatingUdemy.UdemyTest" name="negativeFilterCheckForLevel" time="10.383"/>
  <testcase classname="MyFirstProject.AutomatingUdemy.UdemyTest" name="negativeFilterCheckForLanguage2" time="10.507">
    <failure type="org.openqa.selenium.ElementNotInteractableException" message="element not interactable
  (Session info: chrome=84.0.4147.105)
Build info: version: &amp;apos;3.141.59&amp;apos;, revision: &amp;apos;e82be7d358&amp;apos;, time: &amp;apos;2018-11-14T08:17:03&amp;apos;
System info: host: &amp;apos;LAPTOP-8KEUHDTP&amp;apos;, ip: &amp;apos;192.168.43.161&amp;apos;, os.name: &amp;apos;Windows 10&amp;apos;, os.arch: &amp;apos;amd64&amp;apos;, os.version: &amp;apos;10.0&amp;apos;, java.version: &amp;apos;12.0.2&amp;apos;
Driver info: org.openqa.selenium.remote.RemoteWebDriver
Capabilities {acceptInsecureCerts: false, browserName: chrome, browserVersion: 84.0.4147.105, chrome: {chromedriverVersion: 84.0.4147.30 (48b3e868b4cc0..., userDataDir: C:\Users\Puspak\AppData\Loc...}, goog:chromeOptions: {debuggerAddress: localhost:52610}, javascriptEnabled: true, networkConnectionEnabled: false, pageLoadStrategy: normal, platform: WINDOWS, platformName: WINDOWS, proxy: Proxy(), setWindowRect: true, strictFileInteractability: false, timeouts: {implicit: 0, pageLoad: 300000, script: 30000}, unhandledPromptBehavior: dismiss and notify, webauthn:virtualAuthenticators: true, webdriver.remote.sessionid: 419393fd42bff8b8b96761784d7...}
Session ID: 419393fd42bff8b8b96761784d7b73cb">
      <![CDATA[org.openqa.selenium.ElementNotInteractableException: element not interactable
  (Session info: chrome=84.0.4147.105)
Build info: version: '3.141.59', revision: 'e82be7d358', time: '2018-11-14T08:17:03'
System info: host: 'LAPTOP-8KEUHDTP', ip: '192.168.43.161', os.name: 'Windows 10', os.arch: 'amd64', os.version: '10.0', java.version: '12.0.2'
Driver info: org.openqa.selenium.remote.RemoteWebDriver
Capabilities {acceptInsecureCerts: false, browserName: chrome, browserVersion: 84.0.4147.105, chrome: {chromedriverVersion: 84.0.4147.30 (48b3e868b4cc0..., userDataDir: C:\Users\Puspak\AppData\Loc...}, goog:chromeOptions: {debuggerAddress: localhost:52610}, javascriptEnabled: true, networkConnectionEnabled: false, pageLoadStrategy: normal, platform: WINDOWS, platformName: WINDOWS, proxy: Proxy(), setWindowRect: true, strictFileInteractability: false, timeouts: {implicit: 0, pageLoad: 300000, script: 30000}, unhandledPromptBehavior: dismiss and notify, webauthn:virtualAuthenticators: true, webdriver.remote.sessionid: 419393fd42bff8b8b96761784d7...}
Session ID: 419393fd42bff8b8b96761784d7b73cb
at org.openqa.selenium.remote.http.W3CHttpResponseCodec.createException(W3CHttpResponseCodec.java:187)
at org.openqa.selenium.remote.http.W3CHttpResponseCodec.decode(W3CHttpResponseCodec.java:122)
at org.openqa.selenium.remote.http.W3CHttpResponseCodec.decode(W3CHttpResponseCodec.java:49)
at org.openqa.selenium.remote.HttpCommandExecutor.execute(HttpCommandExecutor.java:158)
at org.openqa.selenium.remote.RemoteWebDriver.execute(RemoteWebDriver.java:552)
at org.openqa.selenium.remote.RemoteWebElement.execute(RemoteWebElement.java:285)
at org.openqa.selenium.remote.RemoteWebElement.click(RemoteWebElement.java:84)
at pageObjects.UdemyPagesFunctionality.selectFiltersForLangageBahasa(UdemyPagesFunctionality.java:103)
at MyFirstProject.AutomatingUdemy.UdemyTest.negativeFilterCheckForLanguage2(UdemyTest.java:135)
at java.base/java.util.ArrayList.forEach(ArrayList.java:1540)
... Removed 32 stack frames]]>
    </failure>
  </testcase> <!-- negativeFilterCheckForLanguage2 -->
</testsuite> <!-- Test -->
